  [1m[35m (2.6ms)[0m  [1m[35mCREATE DATABASE "decoding_code_development" ENCODING = 'unicode'[0m
  [1m[35m (0.4ms)[0m  [1m[35mCREATE DATABASE "decoding_code_test" ENCODING = 'unicode'[0m
  [1m[35m (165.8ms)[0m  [1m[34mSELECT "schema_migrations"."version" FROM "schema_migrations" ORDER BY "schema_migrations"."version" ASC[0m
  [1m[35m (25.3ms)[0m  [1m[34mSELECT "ar_internal_metadata"."value" FROM "ar_internal_metadata" WHERE "ar_internal_metadata"."key" = $1[0m  [["key", "environment"]]
  [1m[35m (0.2ms)[0m  [1m[34mSELECT "schema_migrations"."version" FROM "schema_migrations" ORDER BY "schema_migrations"."version" ASC[0m
  [1m[35m (0.2ms)[0m  [1m[34mSELECT "ar_internal_metadata"."value" FROM "ar_internal_metadata" WHERE "ar_internal_metadata"."key" = $1[0m  [["key", "environment"]]
  [1m[35m (0.2ms)[0m  [1m[34mSELECT "schema_migrations"."version" FROM "schema_migrations" ORDER BY "schema_migrations"."version" ASC[0m
  [1m[35m (0.2ms)[0m  [1m[34mSELECT "ar_internal_metadata"."value" FROM "ar_internal_metadata" WHERE "ar_internal_metadata"."key" = $1[0m  [["key", "environment"]]
  [1m[35m (8199.8ms)[0m  [1m[35mDROP DATABASE IF EXISTS "decoding_code_development"[0m
  [1m[35m (7.8ms)[0m  [1m[34mSELECT "schema_migrations"."version" FROM "schema_migrations" ORDER BY "schema_migrations"."version" ASC[0m
  [1m[35m (2.3ms)[0m  [1m[34mSELECT "ar_internal_metadata"."value" FROM "ar_internal_metadata" WHERE "ar_internal_metadata"."key" = $1[0m  [["key", "environment"]]
  [1m[35m (0.4ms)[0m  [1m[34mSELECT "schema_migrations"."version" FROM "schema_migrations" ORDER BY "schema_migrations"."version" ASC[0m
  [1m[35m (0.3ms)[0m  [1m[34mSELECT "ar_internal_metadata"."value" FROM "ar_internal_metadata" WHERE "ar_internal_metadata"."key" = $1[0m  [["key", "environment"]]
  [1m[35m (0.2ms)[0m  [1m[34mSELECT "schema_migrations"."version" FROM "schema_migrations" ORDER BY "schema_migrations"."version" ASC[0m
  [1m[35m (0.2ms)[0m  [1m[34mSELECT "ar_internal_metadata"."value" FROM "ar_internal_metadata" WHERE "ar_internal_metadata"."key" = $1[0m  [["key", "environment"]]
  [1m[35m (313.2ms)[0m  [1m[35mDROP DATABASE IF EXISTS "decoding_code_development"[0m
  [1m[35m (222.2ms)[0m  [1m[35mDROP DATABASE IF EXISTS "decoding_code_test"[0m
  [1m[35m (725.5ms)[0m  [1m[35mCREATE DATABASE "decoding_code_development" ENCODING = 'unicode'[0m
  [1m[35m (624.6ms)[0m  [1m[35mCREATE DATABASE "decoding_code_test" ENCODING = 'unicode'[0m
  [1m[35m (56.0ms)[0m  [1m[35mCREATE TABLE "schema_migrations" ("version" character varying NOT NULL PRIMARY KEY)[0m
  [1m[35m (40.2ms)[0m  [1m[35mCREATE TABLE "ar_internal_metadata" ("key" character varying NOT NULL PRIMARY KEY, "value" character varying, "created_at" timestamp(6) NOT NULL, "updated_at" timestamp(6) NOT NULL)[0m
  [1m[35m (2.0ms)[0m  [1m[34mSELECT pg_try_advisory_lock(3862403804806013565)[0m
  [1m[35m (3.0ms)[0m  [1m[34mSELECT "schema_migrations"."version" FROM "schema_migrations" ORDER BY "schema_migrations"."version" ASC[0m
Migrating to CreateUsers (20191007203304)
  [1m[35m (0.2ms)[0m  [1m[35mBEGIN[0m
  [1m[35m (58.1ms)[0m  [1m[35mCREATE TABLE "users" ("id" bigserial primary key, "first_name" character varying, "last_name" character varying, "email" character varying, "password_digest" character varying, "created_at" timestamp(6) NOT NULL, "updated_at" timestamp(6) NOT NULL)[0m
  [1m[36mprimary::SchemaMigration Create (0.5ms)[0m  [1m[32mINSERT INTO "schema_migrations" ("version") VALUES ($1) RETURNING "version"[0m  [["version", "20191007203304"]]
  [1m[35m (2.2ms)[0m  [1m[35mCOMMIT[0m
Migrating to CreateDecks (20191007203352)
  [1m[35m (41.1ms)[0m  [1m[35mBEGIN[0m
  [1m[35m (14.1ms)[0m  [1m[35mCREATE TABLE "decks" ("id" bigserial primary key, "topic" character varying, "is_public" boolean, "user_id" bigint, "created_at" timestamp(6) NOT NULL, "updated_at" timestamp(6) NOT NULL, CONSTRAINT "fk_rails_5d31349cbe"
FOREIGN KEY ("user_id")
  REFERENCES "users" ("id")
)[0m
  [1m[35m (2.6ms)[0m  [1m[35mCREATE  INDEX  "index_decks_on_user_id" ON "decks"  ("user_id")[0m
  [1m[36mprimary::SchemaMigration Create (0.5ms)[0m  [1m[32mINSERT INTO "schema_migrations" ("version") VALUES ($1) RETURNING "version"[0m  [["version", "20191007203352"]]
  [1m[35m (1.6ms)[0m  [1m[35mCOMMIT[0m
Migrating to CreateCards (20191007203424)
  [1m[35m (40.5ms)[0m  [1m[35mBEGIN[0m
  [1m[35m (5.9ms)[0m  [1m[35mCREATE TABLE "cards" ("id" bigserial primary key, "prompt" character varying, "answer" character varying, "is_public" boolean, "deck_id" bigint NOT NULL, "created_at" timestamp(6) NOT NULL, "updated_at" timestamp(6) NOT NULL, CONSTRAINT "fk_rails_6c4effce17"
FOREIGN KEY ("deck_id")
  REFERENCES "decks" ("id")
)[0m
  [1m[35m (1.9ms)[0m  [1m[35mCREATE  INDEX  "index_cards_on_deck_id" ON "cards"  ("deck_id")[0m
  [1m[36mprimary::SchemaMigration Create (0.3ms)[0m  [1m[32mINSERT INTO "schema_migrations" ("version") VALUES ($1) RETURNING "version"[0m  [["version", "20191007203424"]]
  [1m[35m (3.1ms)[0m  [1m[35mCOMMIT[0m
Migrating to CreateFaves (20191007203506)
  [1m[35m (25.3ms)[0m  [1m[35mBEGIN[0m
  [1m[35m (7.7ms)[0m  [1m[35mCREATE TABLE "faves" ("id" bigserial primary key, "user_id" bigint, "deck_id" bigint, "created_at" timestamp(6) NOT NULL, "updated_at" timestamp(6) NOT NULL, CONSTRAINT "fk_rails_42ff367847"
FOREIGN KEY ("user_id")
  REFERENCES "users" ("id")
, CONSTRAINT "fk_rails_adb567e758"
FOREIGN KEY ("deck_id")
  REFERENCES "decks" ("id")
)[0m
  [1m[35m (2.0ms)[0m  [1m[35mCREATE  INDEX  "index_faves_on_user_id" ON "faves"  ("user_id")[0m
  [1m[35m (2.8ms)[0m  [1m[35mCREATE  INDEX  "index_faves_on_deck_id" ON "faves"  ("deck_id")[0m
  [1m[36mprimary::SchemaMigration Create (0.3ms)[0m  [1m[32mINSERT INTO "schema_migrations" ("version") VALUES ($1) RETURNING "version"[0m  [["version", "20191007203506"]]
  [1m[35m (1.3ms)[0m  [1m[35mCOMMIT[0m
  [1m[36mActiveRecord::InternalMetadata Load (0.5ms)[0m  [1m[34mSELECT "ar_internal_metadata".* FROM "ar_internal_metadata" WHERE "ar_internal_metadata"."key" = $1 LIMIT $2[0m  [["key", "environment"], ["LIMIT", 1]]
  [1m[35m (0.2ms)[0m  [1m[35mBEGIN[0m
  [1m[36mActiveRecord::InternalMetadata Create (2.0ms)[0m  [1m[32mINSERT INTO "ar_internal_metadata" ("key", "value", "created_at", "updated_at") VALUES ($1, $2, $3, $4) RETURNING "key"[0m  [["key", "environment"], ["value", "development"], ["created_at", "2019-10-07 20:51:34.161536"], ["updated_at", "2019-10-07 20:51:34.161536"]]
  [1m[35m (1.3ms)[0m  [1m[35mCOMMIT[0m
  [1m[35m (0.3ms)[0m  [1m[34mSELECT pg_advisory_unlock(3862403804806013565)[0m
  [1m[35m (0.7ms)[0m  [1m[34mSELECT "schema_migrations"."version" FROM "schema_migrations" ORDER BY "schema_migrations"."version" ASC[0m
  [1m[35m (4.0ms)[0m  [1m[34mSELECT "schema_migrations"."version" FROM "schema_migrations" ORDER BY "schema_migrations"."version" ASC[0m
  [1m[35m (0.2ms)[0m  [1m[35mBEGIN[0m
  [1m[36mDeck Create (3.1ms)[0m  [1m[32mINSERT INTO "decks" ("topic", "is_public", "created_at", "updated_at") VALUES ($1, $2, $3, $4) RETURNING "id"[0m  [["topic", "General Programming"], ["is_public", true], ["created_at", "2019-10-07 20:51:56.496447"], ["updated_at", "2019-10-07 20:51:56.496447"]]
  [1m[35m (2.8ms)[0m  [1m[35mCOMMIT[0m
  [1m[35m (0.2ms)[0m  [1m[35mBEGIN[0m
  [1m[36mDeck Create (0.4ms)[0m  [1m[32mINSERT INTO "decks" ("topic", "is_public", "created_at", "updated_at") VALUES ($1, $2, $3, $4) RETURNING "id"[0m  [["topic", "HTML"], ["is_public", true], ["created_at", "2019-10-07 20:51:56.506974"], ["updated_at", "2019-10-07 20:51:56.506974"]]
  [1m[35m (1.2ms)[0m  [1m[35mCOMMIT[0m
  [1m[35m (0.2ms)[0m  [1m[35mBEGIN[0m
  [1m[36mDeck Create (0.3ms)[0m  [1m[32mINSERT INTO "decks" ("topic", "is_public", "created_at", "updated_at") VALUES ($1, $2, $3, $4) RETURNING "id"[0m  [["topic", "CSS"], ["is_public", true], ["created_at", "2019-10-07 20:51:56.526329"], ["updated_at", "2019-10-07 20:51:56.526329"]]
  [1m[35m (1.4ms)[0m  [1m[35mCOMMIT[0m
  [1m[35m (0.1ms)[0m  [1m[35mBEGIN[0m
  [1m[36mDeck Create (0.3ms)[0m  [1m[32mINSERT INTO "decks" ("topic", "is_public", "created_at", "updated_at") VALUES ($1, $2, $3, $4) RETURNING "id"[0m  [["topic", "JavaScript"], ["is_public", true], ["created_at", "2019-10-07 20:51:56.531925"], ["updated_at", "2019-10-07 20:51:56.531925"]]
  [1m[35m (1.2ms)[0m  [1m[35mCOMMIT[0m
  [1m[35m (0.2ms)[0m  [1m[35mBEGIN[0m
  [1m[36mDeck Create (0.3ms)[0m  [1m[32mINSERT INTO "decks" ("topic", "is_public", "created_at", "updated_at") VALUES ($1, $2, $3, $4) RETURNING "id"[0m  [["topic", "React"], ["is_public", true], ["created_at", "2019-10-07 20:51:56.536957"], ["updated_at", "2019-10-07 20:51:56.536957"]]
  [1m[35m (1.4ms)[0m  [1m[35mCOMMIT[0m
  [1m[35m (0.1ms)[0m  [1m[35mBEGIN[0m
  [1m[36mDeck Create (0.3ms)[0m  [1m[32mINSERT INTO "decks" ("topic", "is_public", "created_at", "updated_at") VALUES ($1, $2, $3, $4) RETURNING "id"[0m  [["topic", "Git and Github"], ["is_public", true], ["created_at", "2019-10-07 20:51:56.541905"], ["updated_at", "2019-10-07 20:51:56.541905"]]
  [1m[35m (1.4ms)[0m  [1m[35mCOMMIT[0m
  [1m[35m (0.2ms)[0m  [1m[35mBEGIN[0m
  [1m[36mDeck Create (0.3ms)[0m  [1m[32mINSERT INTO "decks" ("topic", "is_public", "created_at", "updated_at") VALUES ($1, $2, $3, $4) RETURNING "id"[0m  [["topic", "Express.js"], ["is_public", true], ["created_at", "2019-10-07 20:51:56.547342"], ["updated_at", "2019-10-07 20:51:56.547342"]]
  [1m[35m (1.3ms)[0m  [1m[35mCOMMIT[0m
  [1m[35m (0.2ms)[0m  [1m[35mBEGIN[0m
  [1m[36mDeck Create (0.3ms)[0m  [1m[32mINSERT INTO "decks" ("topic", "is_public", "created_at", "updated_at") VALUES ($1, $2, $3, $4) RETURNING "id"[0m  [["topic", "Node.js"], ["is_public", true], ["created_at", "2019-10-07 20:51:56.552737"], ["updated_at", "2019-10-07 20:51:56.552737"]]
  [1m[35m (1.2ms)[0m  [1m[35mCOMMIT[0m
  [1m[35m (0.1ms)[0m  [1m[35mBEGIN[0m
  [1m[36mDeck Create (0.3ms)[0m  [1m[32mINSERT INTO "decks" ("topic", "is_public", "created_at", "updated_at") VALUES ($1, $2, $3, $4) RETURNING "id"[0m  [["topic", "SQL"], ["is_public", true], ["created_at", "2019-10-07 20:51:56.557604"], ["updated_at", "2019-10-07 20:51:56.557604"]]
  [1m[35m (1.4ms)[0m  [1m[35mCOMMIT[0m
  [1m[35m (0.1ms)[0m  [1m[35mBEGIN[0m
  [1m[36mDeck Create (0.3ms)[0m  [1m[32mINSERT INTO "decks" ("topic", "is_public", "created_at", "updated_at") VALUES ($1, $2, $3, $4) RETURNING "id"[0m  [["topic", "Ruby on Rails"], ["is_public", true], ["created_at", "2019-10-07 20:51:56.563322"], ["updated_at", "2019-10-07 20:51:56.563322"]]
  [1m[35m (1.2ms)[0m  [1m[35mCOMMIT[0m
  [1m[35m (0.3ms)[0m  [1m[35mBEGIN[0m
  [1m[36mDeck Load (0.5ms)[0m  [1m[34mSELECT "decks".* FROM "decks" WHERE "decks"."id" = $1 LIMIT $2[0m  [["id", 1], ["LIMIT", 1]]
  [1m[36mCard Create (3.8ms)[0m  [1m[32mINSERT INTO "cards" ("prompt", "answer", "is_public", "deck_id", "created_at", "updated_at") VALUES ($1, $2, $3, $4, $5, $6) RETURNING "id"[0m  [["prompt", "MVC"], ["answer", "Model (connection to your database) View (what the user sees) Controller (brains/logic of the operation). It's purpose is to delineate a way to organize your code."], ["is_public", true], ["deck_id", 1], ["created_at", "2019-10-07 20:51:56.738724"], ["updated_at", "2019-10-07 20:51:56.738724"]]
  [1m[35m (1.6ms)[0m  [1m[35mCOMMIT[0m
  [1m[35m (0.3ms)[0m  [1m[35mBEGIN[0m
  [1m[36mDeck Load (0.4ms)[0m  [1m[34mSELECT "decks".* FROM "decks" WHERE "decks"."id" = $1 LIMIT $2[0m  [["id", 1], ["LIMIT", 1]]
  [1m[36mCard Create (0.5ms)[0m  [1m[32mINSERT INTO "cards" ("prompt", "answer", "is_public", "deck_id", "created_at", "updated_at") VALUES ($1, $2, $3, $4, $5, $6) RETURNING "id"[0m  [["prompt", "Explain the difference between a framework and a library"], ["answer", "A library is like a vocabulary and a framework is like a language. Both offer code to help you solve problems but a library allows you to cherry pick the pieces you use whereas a framework comes with rules and conventions to follow in order to use it."], ["is_public", true], ["deck_id", 1], ["created_at", "2019-10-07 20:51:56.755470"], ["updated_at", "2019-10-07 20:51:56.755470"]]
  [1m[35m (1.3ms)[0m  [1m[35mCOMMIT[0m
  [1m[35m (0.2ms)[0m  [1m[35mBEGIN[0m
  [1m[36mDeck Load (0.3ms)[0m  [1m[34mSELECT "decks".* FROM "decks" WHERE "decks"."id" = $1 LIMIT $2[0m  [["id", 2], ["LIMIT", 1]]
  [1m[36mCard Create (2.2ms)[0m  [1m[32mINSERT INTO "cards" ("prompt", "answer", "is_public", "deck_id", "created_at", "updated_at") VALUES ($1, $2, $3, $4, $5, $6) RETURNING "id"[0m  [["prompt", "What is the purpose of semantic HTML5 elements?"], ["answer", "They provide more context for your code and add to the accessibility of a site. Ex: main, header, nav, aside, footer"], ["is_public", true], ["deck_id", 2], ["created_at", "2019-10-07 20:51:56.764539"], ["updated_at", "2019-10-07 20:51:56.764539"]]
  [1m[35m (1.4ms)[0m  [1m[35mCOMMIT[0m
  [1m[35m (0.2ms)[0m  [1m[35mBEGIN[0m
  [1m[36mDeck Load (0.4ms)[0m  [1m[34mSELECT "decks".* FROM "decks" WHERE "decks"."id" = $1 LIMIT $2[0m  [["id", 2], ["LIMIT", 1]]
  [1m[36mCard Create (0.3ms)[0m  [1m[32mINSERT INTO "cards" ("prompt", "answer", "is_public", "deck_id", "created_at", "updated_at") VALUES ($1, $2, $3, $4, $5, $6) RETURNING "id"[0m  [["prompt", "What is the difference between the head and header tag?"], ["answer", "The head tag contains information related to the title and heading of page's content; it is not displayed on the page. The header tag contains content to be displayed on the page's header."], ["is_public", true], ["deck_id", 2], ["created_at", "2019-10-07 20:51:56.774711"], ["updated_at", "2019-10-07 20:51:56.774711"]]
  [1m[35m (1.3ms)[0m  [1m[35mCOMMIT[0m
  [1m[35m (0.2ms)[0m  [1m[35mBEGIN[0m
  [1m[36mDeck Load (0.2ms)[0m  [1m[34mSELECT "decks".* FROM "decks" WHERE "decks"."id" = $1 LIMIT $2[0m  [["id", 3], ["LIMIT", 1]]
  [1m[36mCard Create (0.3ms)[0m  [1m[32mINSERT INTO "cards" ("prompt", "answer", "is_public", "deck_id", "created_at", "updated_at") VALUES ($1, $2, $3, $4, $5, $6) RETURNING "id"[0m  [["prompt", "Explain the difference between visibility: hidden and display: none"], ["answer", "Visibility: hidden hides an image from the user but preserves the space it took up. Display: none removes the element from the layout and does NOT preserve the space."], ["is_public", true], ["deck_id", 3], ["created_at", "2019-10-07 20:51:56.789499"], ["updated_at", "2019-10-07 20:51:56.789499"]]
  [1m[35m (1.2ms)[0m  [1m[35mCOMMIT[0m
  [1m[35m (0.2ms)[0m  [1m[35mBEGIN[0m
  [1m[36mDeck Load (0.2ms)[0m  [1m[34mSELECT "decks".* FROM "decks" WHERE "decks"."id" = $1 LIMIT $2[0m  [["id", 3], ["LIMIT", 1]]
  [1m[36mCard Create (0.3ms)[0m  [1m[32mINSERT INTO "cards" ("prompt", "answer", "is_public", "deck_id", "created_at", "updated_at") VALUES ($1, $2, $3, $4, $5, $6) RETURNING "id"[0m  [["prompt", "What does CSS stand for?"], ["answer", "Cascading Style Sheets"], ["is_public", true], ["deck_id", 3], ["created_at", "2019-10-07 20:51:56.796166"], ["updated_at", "2019-10-07 20:51:56.796166"]]
  [1m[35m (1.2ms)[0m  [1m[35mCOMMIT[0m
  [1m[35m (0.2ms)[0m  [1m[35mBEGIN[0m
  [1m[36mDeck Load (0.2ms)[0m  [1m[34mSELECT "decks".* FROM "decks" WHERE "decks"."id" = $1 LIMIT $2[0m  [["id", 4], ["LIMIT", 1]]
  [1m[36mCard Create (0.3ms)[0m  [1m[32mINSERT INTO "cards" ("prompt", "answer", "is_public", "deck_id", "created_at", "updated_at") VALUES ($1, $2, $3, $4, $5, $6) RETURNING "id"[0m  [["prompt", "Explain the difference between == and ===."], ["answer", "Both are comparison operators where == compares just the value and === compares the value and data type. Ex. 1 == '1' returns true but 1 === '1' returns false."], ["is_public", true], ["deck_id", 4], ["created_at", "2019-10-07 20:51:56.802366"], ["updated_at", "2019-10-07 20:51:56.802366"]]
  [1m[35m (1.4ms)[0m  [1m[35mCOMMIT[0m
  [1m[35m (0.2ms)[0m  [1m[35mBEGIN[0m
  [1m[36mDeck Load (0.2ms)[0m  [1m[34mSELECT "decks".* FROM "decks" WHERE "decks"."id" = $1 LIMIT $2[0m  [["id", 4], ["LIMIT", 1]]
  [1m[36mCard Create (0.3ms)[0m  [1m[32mINSERT INTO "cards" ("prompt", "answer", "is_public", "deck_id", "created_at", "updated_at") VALUES ($1, $2, $3, $4, $5, $6) RETURNING "id"[0m  [["prompt", "What is a higher order function?"], ["answer", "A method that calls another function."], ["is_public", true], ["deck_id", 4], ["created_at", "2019-10-07 20:51:56.809182"], ["updated_at", "2019-10-07 20:51:56.809182"]]
  [1m[35m (1.4ms)[0m  [1m[35mCOMMIT[0m
  [1m[35m (0.1ms)[0m  [1m[35mBEGIN[0m
  [1m[36mDeck Load (0.2ms)[0m  [1m[34mSELECT "decks".* FROM "decks" WHERE "decks"."id" = $1 LIMIT $2[0m  [["id", 5], ["LIMIT", 1]]
  [1m[36mCard Create (0.3ms)[0m  [1m[32mINSERT INTO "cards" ("prompt", "answer", "is_public", "deck_id", "created_at", "updated_at") VALUES ($1, $2, $3, $4, $5, $6) RETURNING "id"[0m  [["prompt", "What are hooks?"], ["answer", "Hooks are a React feature that allow you to use state in a functional component."], ["is_public", true], ["deck_id", 5], ["created_at", "2019-10-07 20:51:56.815848"], ["updated_at", "2019-10-07 20:51:56.815848"]]
  [1m[35m (1.3ms)[0m  [1m[35mCOMMIT[0m
  [1m[35m (0.2ms)[0m  [1m[35mBEGIN[0m
  [1m[36mDeck Load (0.2ms)[0m  [1m[34mSELECT "decks".* FROM "decks" WHERE "decks"."id" = $1 LIMIT $2[0m  [["id", 5], ["LIMIT", 1]]
  [1m[36mCard Create (0.3ms)[0m  [1m[32mINSERT INTO "cards" ("prompt", "answer", "is_public", "deck_id", "created_at", "updated_at") VALUES ($1, $2, $3, $4, $5, $6) RETURNING "id"[0m  [["prompt", "Explain the React lifecycle."], ["answer", "The sequential process a component goes through. There are three stages - Mounting (when a user arrives to the page), Updating (when state changes) and Unmounting (when the user leaves the page)."], ["is_public", true], ["deck_id", 5], ["created_at", "2019-10-07 20:51:56.821950"], ["updated_at", "2019-10-07 20:51:56.821950"]]
  [1m[35m (1.5ms)[0m  [1m[35mCOMMIT[0m
  [1m[35m (0.3ms)[0m  [1m[35mBEGIN[0m
  [1m[36mDeck Load (0.2ms)[0m  [1m[34mSELECT "decks".* FROM "decks" WHERE "decks"."id" = $1 LIMIT $2[0m  [["id", 6], ["LIMIT", 1]]
  [1m[36mCard Create (0.5ms)[0m  [1m[32mINSERT INTO "cards" ("prompt", "answer", "is_public", "deck_id", "created_at", "updated_at") VALUES ($1, $2, $3, $4, $5, $6) RETURNING "id"[0m  [["prompt", "What's the command for creating a new branch and checking it out?"], ["answer", "git checkout -b <branch-name>"], ["is_public", true], ["deck_id", 6], ["created_at", "2019-10-07 20:51:56.829606"], ["updated_at", "2019-10-07 20:51:56.829606"]]
  [1m[35m (1.2ms)[0m  [1m[35mCOMMIT[0m
  [1m[35m (0.2ms)[0m  [1m[35mBEGIN[0m
  [1m[36mDeck Load (0.2ms)[0m  [1m[34mSELECT "decks".* FROM "decks" WHERE "decks"."id" = $1 LIMIT $2[0m  [["id", 6], ["LIMIT", 1]]
  [1m[36mCard Create (0.3ms)[0m  [1m[32mINSERT INTO "cards" ("prompt", "answer", "is_public", "deck_id", "created_at", "updated_at") VALUES ($1, $2, $3, $4, $5, $6) RETURNING "id"[0m  [["prompt", "You've created a new local directory. What's the next step to attach it to a remote Github repository?"], ["answer", "Navigate to github, create a new repository (without initializing a README), copy the link provided and type the following into your terminal: git remote add origin <copied link>."], ["is_public", true], ["deck_id", 6], ["created_at", "2019-10-07 20:51:56.836102"], ["updated_at", "2019-10-07 20:51:56.836102"]]
  [1m[35m (1.0ms)[0m  [1m[35mCOMMIT[0m
  [1m[35m (0.1ms)[0m  [1m[35mBEGIN[0m
  [1m[36mDeck Load (0.2ms)[0m  [1m[34mSELECT "decks".* FROM "decks" WHERE "decks"."id" = $1 LIMIT $2[0m  [["id", 7], ["LIMIT", 1]]
  [1m[36mCard Create (0.3ms)[0m  [1m[32mINSERT INTO "cards" ("prompt", "answer", "is_public", "deck_id", "created_at", "updated_at") VALUES ($1, $2, $3, $4, $5, $6) RETURNING "id"[0m  [["prompt", "Define Express.js"], ["answer", "Express.js is a framework for creating a web server that runs on the node platform."], ["is_public", true], ["deck_id", 7], ["created_at", "2019-10-07 20:51:56.841577"], ["updated_at", "2019-10-07 20:51:56.841577"]]
  [1m[35m (1.5ms)[0m  [1m[35mCOMMIT[0m
  [1m[35m (0.2ms)[0m  [1m[35mBEGIN[0m
  [1m[36mDeck Load (0.2ms)[0m  [1m[34mSELECT "decks".* FROM "decks" WHERE "decks"."id" = $1 LIMIT $2[0m  [["id", 7], ["LIMIT", 1]]
  [1m[36mCard Create (0.3ms)[0m  [1m[32mINSERT INTO "cards" ("prompt", "answer", "is_public", "deck_id", "created_at", "updated_at") VALUES ($1, $2, $3, $4, $5, $6) RETURNING "id"[0m  [["prompt", "How would you retrieve the body of a user's request in Express?"], ["answer", "req.body"], ["is_public", true], ["deck_id", 7], ["created_at", "2019-10-07 20:51:56.848639"], ["updated_at", "2019-10-07 20:51:56.848639"]]
  [1m[35m (1.3ms)[0m  [1m[35mCOMMIT[0m
  [1m[35m (0.2ms)[0m  [1m[35mBEGIN[0m
  [1m[36mDeck Load (0.2ms)[0m  [1m[34mSELECT "decks".* FROM "decks" WHERE "decks"."id" = $1 LIMIT $2[0m  [["id", 8], ["LIMIT", 1]]
  [1m[36mCard Create (0.3ms)[0m  [1m[32mINSERT INTO "cards" ("prompt", "answer", "is_public", "deck_id", "created_at", "updated_at") VALUES ($1, $2, $3, $4, $5, $6) RETURNING "id"[0m  [["prompt", "What's the command for initializing a package.json file from the terminal?"], ["answer", "npm init"], ["is_public", true], ["deck_id", 8], ["created_at", "2019-10-07 20:51:56.861770"], ["updated_at", "2019-10-07 20:51:56.861770"]]
  [1m[35m (1.5ms)[0m  [1m[35mCOMMIT[0m
  [1m[35m (0.2ms)[0m  [1m[35mBEGIN[0m
  [1m[36mDeck Load (0.2ms)[0m  [1m[34mSELECT "decks".* FROM "decks" WHERE "decks"."id" = $1 LIMIT $2[0m  [["id", 8], ["LIMIT", 1]]
  [1m[36mCard Create (0.3ms)[0m  [1m[32mINSERT INTO "cards" ("prompt", "answer", "is_public", "deck_id", "created_at", "updated_at") VALUES ($1, $2, $3, $4, $5, $6) RETURNING "id"[0m  [["prompt", "You've just forked and cloned a github repo, and see there's a package.json file. What command do you run to install the necessary dependencies?"], ["answer", "npm i"], ["is_public", true], ["deck_id", 8], ["created_at", "2019-10-07 20:51:56.868404"], ["updated_at", "2019-10-07 20:51:56.868404"]]
  [1m[35m (1.3ms)[0m  [1m[35mCOMMIT[0m
  [1m[35m (0.2ms)[0m  [1m[35mBEGIN[0m
  [1m[36mDeck Load (0.2ms)[0m  [1m[34mSELECT "decks".* FROM "decks" WHERE "decks"."id" = $1 LIMIT $2[0m  [["id", 9], ["LIMIT", 1]]
  [1m[36mCard Create (0.3ms)[0m  [1m[32mINSERT INTO "cards" ("prompt", "answer", "is_public", "deck_id", "created_at", "updated_at") VALUES ($1, $2, $3, $4, $5, $6) RETURNING "id"[0m  [["prompt", "What is PostgreSQL?"], ["answer", "An object-relational database management system (ORM)"], ["is_public", true], ["deck_id", 9], ["created_at", "2019-10-07 20:51:56.874587"], ["updated_at", "2019-10-07 20:51:56.874587"]]
  [1m[35m (1.3ms)[0m  [1m[35mCOMMIT[0m
  [1m[35m (0.2ms)[0m  [1m[35mBEGIN[0m
  [1m[36mDeck Load (0.3ms)[0m  [1m[34mSELECT "decks".* FROM "decks" WHERE "decks"."id" = $1 LIMIT $2[0m  [["id", 9], ["LIMIT", 1]]
  [1m[36mCard Create (0.4ms)[0m  [1m[32mINSERT INTO "cards" ("prompt", "answer", "is_public", "deck_id", "created_at", "updated_at") VALUES ($1, $2, $3, $4, $5, $6) RETURNING "id"[0m  [["prompt", "How would you add a country name to a table called 'countries' in SQL?"], ["answer", "INSERT INTO countries (name) VALUES ('United States of America')"], ["is_public", true], ["deck_id", 9], ["created_at", "2019-10-07 20:51:56.881277"], ["updated_at", "2019-10-07 20:51:56.881277"]]
  [1m[35m (40.8ms)[0m  [1m[35mCOMMIT[0m
  [1m[35m (0.2ms)[0m  [1m[35mBEGIN[0m
  [1m[36mDeck Load (0.3ms)[0m  [1m[34mSELECT "decks".* FROM "decks" WHERE "decks"."id" = $1 LIMIT $2[0m  [["id", 10], ["LIMIT", 1]]
  [1m[36mCard Create (0.5ms)[0m  [1m[32mINSERT INTO "cards" ("prompt", "answer", "is_public", "deck_id", "created_at", "updated_at") VALUES ($1, $2, $3, $4, $5, $6) RETURNING "id"[0m  [["prompt", "What Ruby method could you use to loop through a string?"], ["answer", ".each_with_char"], ["is_public", true], ["deck_id", 10], ["created_at", "2019-10-07 20:51:56.930567"], ["updated_at", "2019-10-07 20:51:56.930567"]]
  [1m[35m (1.5ms)[0m  [1m[35mCOMMIT[0m
  [1m[35m (0.2ms)[0m  [1m[35mBEGIN[0m
  [1m[36mDeck Load (0.2ms)[0m  [1m[34mSELECT "decks".* FROM "decks" WHERE "decks"."id" = $1 LIMIT $2[0m  [["id", 10], ["LIMIT", 1]]
  [1m[36mCard Create (0.3ms)[0m  [1m[32mINSERT INTO "cards" ("prompt", "answer", "is_public", "deck_id", "created_at", "updated_at") VALUES ($1, $2, $3, $4, $5, $6) RETURNING "id"[0m  [["prompt", "What's the command for starting a rails server with a PSQL database?"], ["answer", "rails new <app-name> --database=postgresql"], ["is_public", true], ["deck_id", 10], ["created_at", "2019-10-07 20:51:56.939497"], ["updated_at", "2019-10-07 20:51:56.939497"]]
  [1m[35m (1.2ms)[0m  [1m[35mCOMMIT[0m
Started GET "/decks" for ::1 at 2019-10-07 16:53:41 -0400
Started GET "/auth/verify" for ::1 at 2019-10-07 16:53:41 -0400
Started GET "/cards" for ::1 at 2019-10-07 16:53:41 -0400
  [1m[35m (19.6ms)[0m  [1m[34mSELECT "schema_migrations"."version" FROM "schema_migrations" ORDER BY "schema_migrations"."version" ASC[0m
  [1m[35m (35.3ms)[0m  [1m[34mSELECT "schema_migrations"."version" FROM "schema_migrations" ORDER BY "schema_migrations"."version" ASC[0m
  [1m[35m (37.4ms)[0m  [1m[34mSELECT "schema_migrations"."version" FROM "schema_migrations" ORDER BY "schema_migrations"."version" ASC[0m
Processing by DecksController#index as HTML
Processing by AuthenticationController#verify as HTML
Filter chain halted as :authorize_request rendered or redirected
Processing by CardsController#index as HTML
  [1m[36mDeck Load (3.0ms)[0m  [1m[34mSELECT "decks".* FROM "decks"[0m
Completed 401 Unauthorized in 3ms (Views: 0.3ms | ActiveRecord: 0.0ms | Allocations: 780)


  ↳ app/controllers/decks_controller.rb:8:in `index'
  [1m[36mCard Load (3.0ms)[0m  [1m[34mSELECT "cards".* FROM "cards"[0m
  ↳ app/controllers/cards_controller.rb:8:in `index'
Completed 200 OK in 146ms (Views: 22.8ms | ActiveRecord: 90.2ms | Allocations: 13639)


  [1m[36mCard Load (1.0ms)[0m  [1m[34mSELECT "cards".* FROM "cards" WHERE "cards"."deck_id" = $1[0m  [["deck_id", 1]]
  ↳ app/controllers/decks_controller.rb:8:in `index'
  [1m[36mCard Load (0.3ms)[0m  [1m[34mSELECT "cards".* FROM "cards" WHERE "cards"."deck_id" = $1[0m  [["deck_id", 2]]
  ↳ app/controllers/decks_controller.rb:8:in `index'
  [1m[36mCard Load (0.3ms)[0m  [1m[34mSELECT "cards".* FROM "cards" WHERE "cards"."deck_id" = $1[0m  [["deck_id", 3]]
  ↳ app/controllers/decks_controller.rb:8:in `index'
  [1m[36mCard Load (0.3ms)[0m  [1m[34mSELECT "cards".* FROM "cards" WHERE "cards"."deck_id" = $1[0m  [["deck_id", 4]]
  ↳ app/controllers/decks_controller.rb:8:in `index'
  [1m[36mCard Load (0.3ms)[0m  [1m[34mSELECT "cards".* FROM "cards" WHERE "cards"."deck_id" = $1[0m  [["deck_id", 5]]
  ↳ app/controllers/decks_controller.rb:8:in `index'
  [1m[36mCard Load (0.3ms)[0m  [1m[34mSELECT "cards".* FROM "cards" WHERE "cards"."deck_id" = $1[0m  [["deck_id", 6]]
  ↳ app/controllers/decks_controller.rb:8:in `index'
  [1m[36mCard Load (0.3ms)[0m  [1m[34mSELECT "cards".* FROM "cards" WHERE "cards"."deck_id" = $1[0m  [["deck_id", 7]]
  ↳ app/controllers/decks_controller.rb:8:in `index'
  [1m[36mCard Load (0.2ms)[0m  [1m[34mSELECT "cards".* FROM "cards" WHERE "cards"."deck_id" = $1[0m  [["deck_id", 8]]
  ↳ app/controllers/decks_controller.rb:8:in `index'
  [1m[36mCard Load (0.3ms)[0m  [1m[34mSELECT "cards".* FROM "cards" WHERE "cards"."deck_id" = $1[0m  [["deck_id", 9]]
  ↳ app/controllers/decks_controller.rb:8:in `index'
  [1m[36mCard Load (0.2ms)[0m  [1m[34mSELECT "cards".* FROM "cards" WHERE "cards"."deck_id" = $1[0m  [["deck_id", 10]]
  ↳ app/controllers/decks_controller.rb:8:in `index'
Completed 200 OK in 540ms (Views: 328.5ms | ActiveRecord: 57.2ms | Allocations: 33700)


Started POST "/users" for ::1 at 2019-10-07 16:53:50 -0400
Processing by UsersController#create as HTML
  Parameters: {"user"=>{"first_name"=>"Ross", "last_name"=>"O'Farrell", "email"=>"ofarrellmeister@gmail.com", "password"=>"[FILTERED]"}}
  [1m[35m (0.2ms)[0m  [1m[35mBEGIN[0m
  ↳ app/controllers/users_controller.rb:25:in `create'
  [1m[36mUser Exists? (1.2ms)[0m  [1m[34mSELECT 1 AS one FROM "users" WHERE "users"."email" = $1 LIMIT $2[0m  [["email", "ofarrellmeister@gmail.com"], ["LIMIT", 1]]
  ↳ app/controllers/users_controller.rb:25:in `create'
  [1m[36mUser Create (4.6ms)[0m  [1m[32mINSERT INTO "users" ("first_name", "last_name", "email", "password_digest", "created_at", "updated_at") VALUES ($1, $2, $3, $4, $5, $6) RETURNING "id"[0m  [["first_name", "Ross"], ["last_name", "O'Farrell"], ["email", "ofarrellmeister@gmail.com"], ["password_digest", "$2a$12$kFC6HrdniHILaahyW1hv1.4ly.9vIYeL6UKhTpLwmOn1e.Tc1zBPq"], ["created_at", "2019-10-07 20:53:51.298887"], ["updated_at", "2019-10-07 20:53:51.298887"]]
  ↳ app/controllers/users_controller.rb:25:in `create'
  [1m[35m (2.3ms)[0m  [1m[35mCOMMIT[0m
  ↳ app/controllers/users_controller.rb:25:in `create'
Completed 200 OK in 284ms (Views: 0.5ms | ActiveRecord: 11.8ms | Allocations: 8510)


Started POST "/auth/login" for ::1 at 2019-10-07 16:55:07 -0400
Processing by AuthenticationController#login as */*
  Parameters: {"email"=>"ofarrellmeister@gmail.com", "password"=>"[FILTERED]", "authentication"=>{"email"=>"ofarrellmeister@gmail.com", "password"=>"[FILTERED]"}}
  [1m[36mUser Load (0.4ms)[0m  [1m[34mSELECT "users".* FROM "users" WHERE "users"."email" = $1 LIMIT $2[0m  [["email", "ofarrellmeister@gmail.com"], ["LIMIT", 1]]
  ↳ app/controllers/authentication_controller.rb:6:in `login'
Completed 200 OK in 282ms (Views: 5.5ms | ActiveRecord: 0.4ms | Allocations: 1123)


Started POST "/faves" for ::1 at 2019-10-07 16:55:28 -0400
  
ActionController::RoutingError (No route matches [POST] "/faves"):
  
actionpack (6.0.0) lib/action_dispatch/middleware/debug_exceptions.rb:36:in `call'
actionpack (6.0.0) lib/action_dispatch/middleware/show_exceptions.rb:33:in `call'
railties (6.0.0) lib/rails/rack/logger.rb:38:in `call_app'
railties (6.0.0) lib/rails/rack/logger.rb:26:in `block in call'
activesupport (6.0.0) lib/active_support/tagged_logging.rb:80:in `block in tagged'
activesupport (6.0.0) lib/active_support/tagged_logging.rb:28:in `tagged'
activesupport (6.0.0) lib/active_support/tagged_logging.rb:80:in `tagged'
railties (6.0.0) lib/rails/rack/logger.rb:26:in `call'
actionpack (6.0.0) lib/action_dispatch/middleware/remote_ip.rb:81:in `call'
actionpack (6.0.0) lib/action_dispatch/middleware/request_id.rb:27:in `call'
rack (2.0.7) lib/rack/runtime.rb:22:in `call'
activesupport (6.0.0) lib/active_support/cache/strategy/local_cache_middleware.rb:29:in `call'
actionpack (6.0.0) lib/action_dispatch/middleware/executor.rb:14:in `call'
actionpack (6.0.0) lib/action_dispatch/middleware/static.rb:126:in `call'
rack (2.0.7) lib/rack/sendfile.rb:111:in `call'
actionpack (6.0.0) lib/action_dispatch/middleware/host_authorization.rb:83:in `call'
rack-cors (1.0.3) lib/rack/cors.rb:95:in `call'
railties (6.0.0) lib/rails/engine.rb:526:in `call'
puma (3.12.1) lib/puma/configuration.rb:227:in `call'
puma (3.12.1) lib/puma/server.rb:660:in `handle_request'
puma (3.12.1) lib/puma/server.rb:474:in `process_client'
puma (3.12.1) lib/puma/server.rb:334:in `block in run'
puma (3.12.1) lib/puma/thread_pool.rb:135:in `block in spawn_thread'
Started POST "/faves" for ::1 at 2019-10-07 16:56:08 -0400
  
ActionController::RoutingError (No route matches [POST] "/faves"):
  
actionpack (6.0.0) lib/action_dispatch/middleware/debug_exceptions.rb:36:in `call'
actionpack (6.0.0) lib/action_dispatch/middleware/show_exceptions.rb:33:in `call'
railties (6.0.0) lib/rails/rack/logger.rb:38:in `call_app'
railties (6.0.0) lib/rails/rack/logger.rb:26:in `block in call'
activesupport (6.0.0) lib/active_support/tagged_logging.rb:80:in `block in tagged'
activesupport (6.0.0) lib/active_support/tagged_logging.rb:28:in `tagged'
activesupport (6.0.0) lib/active_support/tagged_logging.rb:80:in `tagged'
railties (6.0.0) lib/rails/rack/logger.rb:26:in `call'
actionpack (6.0.0) lib/action_dispatch/middleware/remote_ip.rb:81:in `call'
actionpack (6.0.0) lib/action_dispatch/middleware/request_id.rb:27:in `call'
rack (2.0.7) lib/rack/runtime.rb:22:in `call'
activesupport (6.0.0) lib/active_support/cache/strategy/local_cache_middleware.rb:29:in `call'
actionpack (6.0.0) lib/action_dispatch/middleware/executor.rb:14:in `call'
actionpack (6.0.0) lib/action_dispatch/middleware/static.rb:126:in `call'
rack (2.0.7) lib/rack/sendfile.rb:111:in `call'
actionpack (6.0.0) lib/action_dispatch/middleware/host_authorization.rb:83:in `call'
rack-cors (1.0.3) lib/rack/cors.rb:95:in `call'
railties (6.0.0) lib/rails/engine.rb:526:in `call'
puma (3.12.1) lib/puma/configuration.rb:227:in `call'
puma (3.12.1) lib/puma/server.rb:660:in `handle_request'
puma (3.12.1) lib/puma/server.rb:474:in `process_client'
puma (3.12.1) lib/puma/server.rb:334:in `block in run'
puma (3.12.1) lib/puma/thread_pool.rb:135:in `block in spawn_thread'
Started POST "/faves" for ::1 at 2019-10-07 16:56:19 -0400
  
ActionController::RoutingError (No route matches [POST] "/faves"):
  
actionpack (6.0.0) lib/action_dispatch/middleware/debug_exceptions.rb:36:in `call'
actionpack (6.0.0) lib/action_dispatch/middleware/show_exceptions.rb:33:in `call'
railties (6.0.0) lib/rails/rack/logger.rb:38:in `call_app'
railties (6.0.0) lib/rails/rack/logger.rb:26:in `block in call'
activesupport (6.0.0) lib/active_support/tagged_logging.rb:80:in `block in tagged'
activesupport (6.0.0) lib/active_support/tagged_logging.rb:28:in `tagged'
activesupport (6.0.0) lib/active_support/tagged_logging.rb:80:in `tagged'
railties (6.0.0) lib/rails/rack/logger.rb:26:in `call'
actionpack (6.0.0) lib/action_dispatch/middleware/remote_ip.rb:81:in `call'
actionpack (6.0.0) lib/action_dispatch/middleware/request_id.rb:27:in `call'
rack (2.0.7) lib/rack/runtime.rb:22:in `call'
activesupport (6.0.0) lib/active_support/cache/strategy/local_cache_middleware.rb:29:in `call'
actionpack (6.0.0) lib/action_dispatch/middleware/executor.rb:14:in `call'
actionpack (6.0.0) lib/action_dispatch/middleware/static.rb:126:in `call'
rack (2.0.7) lib/rack/sendfile.rb:111:in `call'
actionpack (6.0.0) lib/action_dispatch/middleware/host_authorization.rb:83:in `call'
rack-cors (1.0.3) lib/rack/cors.rb:95:in `call'
railties (6.0.0) lib/rails/engine.rb:526:in `call'
puma (3.12.1) lib/puma/configuration.rb:227:in `call'
puma (3.12.1) lib/puma/server.rb:660:in `handle_request'
puma (3.12.1) lib/puma/server.rb:474:in `process_client'
puma (3.12.1) lib/puma/server.rb:334:in `block in run'
puma (3.12.1) lib/puma/thread_pool.rb:135:in `block in spawn_thread'
Started POST "/faves" for ::1 at 2019-10-07 16:58:21 -0400
  
ActionController::RoutingError (No route matches [POST] "/faves"):
  
actionpack (6.0.0) lib/action_dispatch/middleware/debug_exceptions.rb:36:in `call'
actionpack (6.0.0) lib/action_dispatch/middleware/show_exceptions.rb:33:in `call'
railties (6.0.0) lib/rails/rack/logger.rb:38:in `call_app'
railties (6.0.0) lib/rails/rack/logger.rb:26:in `block in call'
activesupport (6.0.0) lib/active_support/tagged_logging.rb:80:in `block in tagged'
activesupport (6.0.0) lib/active_support/tagged_logging.rb:28:in `tagged'
activesupport (6.0.0) lib/active_support/tagged_logging.rb:80:in `tagged'
railties (6.0.0) lib/rails/rack/logger.rb:26:in `call'
actionpack (6.0.0) lib/action_dispatch/middleware/remote_ip.rb:81:in `call'
actionpack (6.0.0) lib/action_dispatch/middleware/request_id.rb:27:in `call'
rack (2.0.7) lib/rack/runtime.rb:22:in `call'
activesupport (6.0.0) lib/active_support/cache/strategy/local_cache_middleware.rb:29:in `call'
actionpack (6.0.0) lib/action_dispatch/middleware/executor.rb:14:in `call'
actionpack (6.0.0) lib/action_dispatch/middleware/static.rb:126:in `call'
rack (2.0.7) lib/rack/sendfile.rb:111:in `call'
actionpack (6.0.0) lib/action_dispatch/middleware/host_authorization.rb:83:in `call'
rack-cors (1.0.3) lib/rack/cors.rb:95:in `call'
railties (6.0.0) lib/rails/engine.rb:526:in `call'
puma (3.12.1) lib/puma/configuration.rb:227:in `call'
puma (3.12.1) lib/puma/server.rb:660:in `handle_request'
puma (3.12.1) lib/puma/server.rb:474:in `process_client'
puma (3.12.1) lib/puma/server.rb:334:in `block in run'
puma (3.12.1) lib/puma/thread_pool.rb:135:in `block in spawn_thread'
Started POST "/decks/6/faves" for ::1 at 2019-10-07 17:02:11 -0400
Processing by FavesController#create as */*
  Parameters: {"user_id"=>"1", "deck_id"=>"6", "fafe"=>{"user_id"=>"1", "deck_id"=>"6"}}
  [1m[36mDeck Load (2.0ms)[0m  [1m[34mSELECT "decks".* FROM "decks" WHERE "decks"."id" = $1 LIMIT $2[0m  [["id", 6], ["LIMIT", 1]]
  ↳ app/controllers/faves_controller.rb:34:in `set_deck'
  [1m[36mUser Load (0.6ms)[0m  [1m[34mSELECT "users".* FROM "users" WHERE "users"."id" = $1 LIMIT $2[0m  [["id", 1], ["LIMIT", 1]]
  ↳ app/controllers/application_controller.rb:20:in `authorize_request'
  [1m[35m (0.2ms)[0m  [1m[35mBEGIN[0m
  ↳ app/controllers/faves_controller.rb:19:in `create'
  [1m[36mFave Create (47.7ms)[0m  [1m[32mINSERT INTO "faves" ("user_id", "deck_id", "created_at", "updated_at") VALUES ($1, $2, $3, $4) RETURNING "id"[0m  [["user_id", 1], ["deck_id", 6], ["created_at", "2019-10-07 21:02:11.675276"], ["updated_at", "2019-10-07 21:02:11.675276"]]
  ↳ app/controllers/faves_controller.rb:19:in `create'
  [1m[35m (1.4ms)[0m  [1m[35mCOMMIT[0m
  ↳ app/controllers/faves_controller.rb:19:in `create'
Completed 500 Internal Server Error in 240ms (ActiveRecord: 63.8ms | Allocations: 56662)


  
NoMethodError (undefined method `fafe_url' for #<FavesController:0x00007fd3ed133120>
Did you mean?  faves_url):
  
app/controllers/faves_controller.rb:20:in `create'
Started POST "/decks/6/faves" for ::1 at 2019-10-07 17:07:19 -0400
  [1m[35m (2.4ms)[0m  [1m[34mSELECT "schema_migrations"."version" FROM "schema_migrations" ORDER BY "schema_migrations"."version" ASC[0m
Processing by FavesController#create as */*
  Parameters: {"user_id"=>"1", "deck_id"=>"6", "fafe"=>{"user_id"=>"1", "deck_id"=>"6"}}
  [1m[36mDeck Load (4.4ms)[0m  [1m[34mSELECT "decks".* FROM "decks" WHERE "decks"."id" = $1 LIMIT $2[0m  [["id", 6], ["LIMIT", 1]]
  ↳ app/controllers/faves_controller.rb:34:in `set_deck'
  [1m[36mUser Load (42.3ms)[0m  [1m[34mSELECT "users".* FROM "users" WHERE "users"."id" = $1 LIMIT $2[0m  [["id", 1], ["LIMIT", 1]]
  ↳ app/controllers/application_controller.rb:20:in `authorize_request'
  [1m[35m (0.2ms)[0m  [1m[35mBEGIN[0m
  ↳ app/controllers/faves_controller.rb:19:in `create'
  [1m[36mFave Create (42.3ms)[0m  [1m[32mINSERT INTO "faves" ("user_id", "deck_id", "created_at", "updated_at") VALUES ($1, $2, $3, $4) RETURNING "id"[0m  [["user_id", 1], ["deck_id", 6], ["created_at", "2019-10-07 21:07:20.539405"], ["updated_at", "2019-10-07 21:07:20.539405"]]
  ↳ app/controllers/faves_controller.rb:19:in `create'
  [1m[35m (1.7ms)[0m  [1m[35mCOMMIT[0m
  ↳ app/controllers/faves_controller.rb:19:in `create'
Completed 500 Internal Server Error in 455ms (ActiveRecord: 126.9ms | Allocations: 58754)


  
NoMethodError (undefined method `fafe_url' for #<FavesController:0x00007fd3df21f330>
Did you mean?  faves_url):
  
app/controllers/faves_controller.rb:20:in `create'
Started POST "/decks/6/faves" for ::1 at 2019-10-07 17:07:26 -0400
Processing by FavesController#create as */*
  Parameters: {"user_id"=>"1", "deck_id"=>"6", "fafe"=>{"user_id"=>"1", "deck_id"=>"6"}}
  [1m[36mDeck Load (0.3ms)[0m  [1m[34mSELECT "decks".* FROM "decks" WHERE "decks"."id" = $1 LIMIT $2[0m  [["id", 6], ["LIMIT", 1]]
  ↳ app/controllers/faves_controller.rb:34:in `set_deck'
  [1m[36mUser Load (0.2ms)[0m  [1m[34mSELECT "users".* FROM "users" WHERE "users"."id" = $1 LIMIT $2[0m  [["id", 1], ["LIMIT", 1]]
  ↳ app/controllers/application_controller.rb:20:in `authorize_request'
  [1m[35m (0.1ms)[0m  [1m[35mBEGIN[0m
  ↳ app/controllers/faves_controller.rb:19:in `create'
  [1m[36mFave Create (0.4ms)[0m  [1m[32mINSERT INTO "faves" ("user_id", "deck_id", "created_at", "updated_at") VALUES ($1, $2, $3, $4) RETURNING "id"[0m  [["user_id", 1], ["deck_id", 6], ["created_at", "2019-10-07 21:07:26.826380"], ["updated_at", "2019-10-07 21:07:26.826380"]]
  ↳ app/controllers/faves_controller.rb:19:in `create'
  [1m[35m (1.6ms)[0m  [1m[35mCOMMIT[0m
  ↳ app/controllers/faves_controller.rb:19:in `create'
Completed 500 Internal Server Error in 117ms (ActiveRecord: 2.6ms | Allocations: 41442)


  
NoMethodError (undefined method `fafe_url' for #<FavesController:0x00007fd3e184aca8>
Did you mean?  faves_url):
  
app/controllers/faves_controller.rb:20:in `create'
Started GET "/" for ::1 at 2019-10-07 17:09:08 -0400
Processing by Rails::WelcomeController#index as HTML
  Rendering /Users/eloisebarrow/.rbenv/versions/2.6.3/lib/ruby/gems/2.6.0/gems/railties-6.0.0/lib/rails/templates/rails/welcome/index.html.erb
  Rendered /Users/eloisebarrow/.rbenv/versions/2.6.3/lib/ruby/gems/2.6.0/gems/railties-6.0.0/lib/rails/templates/rails/welcome/index.html.erb (Duration: 97.0ms | Allocations: 491)
Completed 200 OK in 944ms (Views: 304.0ms | ActiveRecord: 0.0ms | Allocations: 2702)


Started GET "/decks" for ::1 at 2019-10-07 17:09:12 -0400
Processing by DecksController#index as HTML
  [1m[36mDeck Load (1.0ms)[0m  [1m[34mSELECT "decks".* FROM "decks"[0m
  ↳ app/controllers/decks_controller.rb:8:in `index'
  [1m[36mCard Load (43.6ms)[0m  [1m[34mSELECT "cards".* FROM "cards" WHERE "cards"."deck_id" = $1[0m  [["deck_id", 1]]
  ↳ app/controllers/decks_controller.rb:8:in `index'
  [1m[36mCard Load (1.7ms)[0m  [1m[34mSELECT "cards".* FROM "cards" WHERE "cards"."deck_id" = $1[0m  [["deck_id", 2]]
  ↳ app/controllers/decks_controller.rb:8:in `index'
  [1m[36mCard Load (0.4ms)[0m  [1m[34mSELECT "cards".* FROM "cards" WHERE "cards"."deck_id" = $1[0m  [["deck_id", 3]]
  ↳ app/controllers/decks_controller.rb:8:in `index'
  [1m[36mCard Load (0.3ms)[0m  [1m[34mSELECT "cards".* FROM "cards" WHERE "cards"."deck_id" = $1[0m  [["deck_id", 4]]
  ↳ app/controllers/decks_controller.rb:8:in `index'
  [1m[36mCard Load (0.5ms)[0m  [1m[34mSELECT "cards".* FROM "cards" WHERE "cards"."deck_id" = $1[0m  [["deck_id", 5]]
  ↳ app/controllers/decks_controller.rb:8:in `index'
  [1m[36mCard Load (0.3ms)[0m  [1m[34mSELECT "cards".* FROM "cards" WHERE "cards"."deck_id" = $1[0m  [["deck_id", 6]]
  ↳ app/controllers/decks_controller.rb:8:in `index'
  [1m[36mCard Load (0.2ms)[0m  [1m[34mSELECT "cards".* FROM "cards" WHERE "cards"."deck_id" = $1[0m  [["deck_id", 7]]
  ↳ app/controllers/decks_controller.rb:8:in `index'
  [1m[36mCard Load (0.2ms)[0m  [1m[34mSELECT "cards".* FROM "cards" WHERE "cards"."deck_id" = $1[0m  [["deck_id", 8]]
  ↳ app/controllers/decks_controller.rb:8:in `index'
  [1m[36mCard Load (0.2ms)[0m  [1m[34mSELECT "cards".* FROM "cards" WHERE "cards"."deck_id" = $1[0m  [["deck_id", 9]]
  ↳ app/controllers/decks_controller.rb:8:in `index'
  [1m[36mCard Load (0.2ms)[0m  [1m[34mSELECT "cards".* FROM "cards" WHERE "cards"."deck_id" = $1[0m  [["deck_id", 10]]
  ↳ app/controllers/decks_controller.rb:8:in `index'
Completed 200 OK in 244ms (Views: 177.1ms | ActiveRecord: 66.3ms | Allocations: 20094)


Started GET "/decks/6/faves" for ::1 at 2019-10-07 17:09:15 -0400
  
ActionController::RoutingError (No route matches [GET] "/decks/6/faves"):
  
actionpack (6.0.0) lib/action_dispatch/middleware/debug_exceptions.rb:36:in `call'
actionpack (6.0.0) lib/action_dispatch/middleware/show_exceptions.rb:33:in `call'
railties (6.0.0) lib/rails/rack/logger.rb:38:in `call_app'
railties (6.0.0) lib/rails/rack/logger.rb:26:in `block in call'
activesupport (6.0.0) lib/active_support/tagged_logging.rb:80:in `block in tagged'
activesupport (6.0.0) lib/active_support/tagged_logging.rb:28:in `tagged'
activesupport (6.0.0) lib/active_support/tagged_logging.rb:80:in `tagged'
railties (6.0.0) lib/rails/rack/logger.rb:26:in `call'
actionpack (6.0.0) lib/action_dispatch/middleware/remote_ip.rb:81:in `call'
actionpack (6.0.0) lib/action_dispatch/middleware/request_id.rb:27:in `call'
rack (2.0.7) lib/rack/runtime.rb:22:in `call'
activesupport (6.0.0) lib/active_support/cache/strategy/local_cache_middleware.rb:29:in `call'
actionpack (6.0.0) lib/action_dispatch/middleware/executor.rb:14:in `call'
actionpack (6.0.0) lib/action_dispatch/middleware/static.rb:126:in `call'
rack (2.0.7) lib/rack/sendfile.rb:111:in `call'
actionpack (6.0.0) lib/action_dispatch/middleware/host_authorization.rb:83:in `call'
rack-cors (1.0.3) lib/rack/cors.rb:95:in `call'
railties (6.0.0) lib/rails/engine.rb:526:in `call'
puma (3.12.1) lib/puma/configuration.rb:227:in `call'
puma (3.12.1) lib/puma/server.rb:660:in `handle_request'
puma (3.12.1) lib/puma/server.rb:474:in `process_client'
puma (3.12.1) lib/puma/server.rb:334:in `block in run'
puma (3.12.1) lib/puma/thread_pool.rb:135:in `block in spawn_thread'
Started GET "/rails/info/routes?path=faf" for ::1 at 2019-10-07 17:09:22 -0400
Processing by Rails::InfoController#routes as */*
  Parameters: {"path"=>"faf"}
Completed 200 OK in 12ms (Views: 0.3ms | ActiveRecord: 0.0ms | Allocations: 1858)


Started GET "/rails/info/routes?path=fafe" for ::1 at 2019-10-07 17:09:23 -0400
Processing by Rails::InfoController#routes as */*
  Parameters: {"path"=>"fafe"}
Completed 200 OK in 2ms (Views: 0.2ms | ActiveRecord: 0.0ms | Allocations: 652)


Started GET "/rails/info/routes?path=fafe" for ::1 at 2019-10-07 17:09:26 -0400
Processing by Rails::InfoController#routes as */*
  Parameters: {"path"=>"fafe"}
Completed 200 OK in 2ms (Views: 0.2ms | ActiveRecord: 0.0ms | Allocations: 649)


Started GET "/rails/info/routes?path=fafe" for ::1 at 2019-10-07 17:09:27 -0400
Processing by Rails::InfoController#routes as */*
  Parameters: {"path"=>"fafe"}
Completed 200 OK in 1ms (Views: 0.1ms | ActiveRecord: 0.0ms | Allocations: 649)


Started GET "/users" for ::1 at 2019-10-07 17:10:39 -0400
Processing by UsersController#index as HTML
Filter chain halted as :authorize_request rendered or redirected
Completed 401 Unauthorized in 1ms (Views: 0.5ms | ActiveRecord: 0.0ms | Allocations: 206)


Started GET "/users" for ::1 at 2019-10-07 17:10:40 -0400
Processing by UsersController#index as HTML
Filter chain halted as :authorize_request rendered or redirected
Completed 401 Unauthorized in 1ms (Views: 0.2ms | ActiveRecord: 0.0ms | Allocations: 120)


Started GET "/users" for ::1 at 2019-10-07 17:10:57 -0400
Processing by UsersController#index as */*
Filter chain halted as :authorize_request rendered or redirected
Completed 401 Unauthorized in 1ms (Views: 0.1ms | ActiveRecord: 0.0ms | Allocations: 184)


Started POST "/auth/login" for ::1 at 2019-10-07 17:11:18 -0400
Processing by AuthenticationController#login as */*
  Parameters: {"email"=>"ofarrellmeister@gmail.com", "password"=>"[FILTERED]", "authentication"=>{"email"=>"ofarrellmeister@gmail.com", "password"=>"[FILTERED]"}}
  [1m[36mUser Load (0.3ms)[0m  [1m[34mSELECT "users".* FROM "users" WHERE "users"."email" = $1 LIMIT $2[0m  [["email", "ofarrellmeister@gmail.com"], ["LIMIT", 1]]
  ↳ app/controllers/authentication_controller.rb:6:in `login'
Completed 200 OK in 265ms (Views: 0.5ms | ActiveRecord: 4.0ms | Allocations: 7269)


Started GET "/users" for ::1 at 2019-10-07 17:11:35 -0400
Processing by UsersController#index as */*
  [1m[36mUser Load (0.5ms)[0m  [1m[34mSELECT "users".* FROM "users" WHERE "users"."id" = $1 LIMIT $2[0m  [["id", 1], ["LIMIT", 1]]
  ↳ app/controllers/application_controller.rb:20:in `authorize_request'
  [1m[36mUser Load (0.3ms)[0m  [1m[34mSELECT "users".* FROM "users"[0m
  ↳ app/controllers/users_controller.rb:9:in `index'
Completed 500 Internal Server Error in 7ms (ActiveRecord: 0.7ms | Allocations: 1815)


  
NameError (uninitialized constant User::Fafe):
  
app/controllers/users_controller.rb:9:in `index'
Started GET "/users" for ::1 at 2019-10-07 17:20:50 -0400
Processing by UsersController#index as */*
  [1m[36mUser Load (0.6ms)[0m  [1m[34mSELECT "users".* FROM "users" WHERE "users"."id" = $1 LIMIT $2[0m  [["id", 1], ["LIMIT", 1]]
  ↳ app/controllers/application_controller.rb:20:in `authorize_request'
  [1m[36mUser Load (0.4ms)[0m  [1m[34mSELECT "users".* FROM "users"[0m
  ↳ app/controllers/users_controller.rb:9:in `index'
Completed 500 Internal Server Error in 39ms (ActiveRecord: 8.9ms | Allocations: 8067)


  
NameError (uninitialized constant User::Fafe):
  
app/controllers/users_controller.rb:9:in `index'
Started GET "/users" for ::1 at 2019-10-07 17:20:52 -0400
Processing by UsersController#index as */*
  [1m[36mUser Load (0.3ms)[0m  [1m[34mSELECT "users".* FROM "users" WHERE "users"."id" = $1 LIMIT $2[0m  [["id", 1], ["LIMIT", 1]]
  ↳ app/controllers/application_controller.rb:20:in `authorize_request'
  [1m[36mUser Load (0.3ms)[0m  [1m[34mSELECT "users".* FROM "users"[0m
  ↳ app/controllers/users_controller.rb:9:in `index'
Completed 500 Internal Server Error in 3ms (ActiveRecord: 0.6ms | Allocations: 1615)


  
NameError (uninitialized constant User::Fafe):
  
app/controllers/users_controller.rb:9:in `index'
Started GET "/users" for ::1 at 2019-10-07 17:20:53 -0400
Processing by UsersController#index as */*
  [1m[36mUser Load (0.4ms)[0m  [1m[34mSELECT "users".* FROM "users" WHERE "users"."id" = $1 LIMIT $2[0m  [["id", 1], ["LIMIT", 1]]
  ↳ app/controllers/application_controller.rb:20:in `authorize_request'
  [1m[36mUser Load (0.3ms)[0m  [1m[34mSELECT "users".* FROM "users"[0m
  ↳ app/controllers/users_controller.rb:9:in `index'
Completed 500 Internal Server Error in 3ms (ActiveRecord: 0.7ms | Allocations: 1603)


  
NameError (uninitialized constant User::Fafe):
  
app/controllers/users_controller.rb:9:in `index'
Started GET "/users" for ::1 at 2019-10-07 17:21:15 -0400
Processing by UsersController#index as */*
  [1m[36mUser Load (0.2ms)[0m  [1m[34mSELECT "users".* FROM "users" WHERE "users"."id" = $1 LIMIT $2[0m  [["id", 1], ["LIMIT", 1]]
  ↳ app/controllers/application_controller.rb:20:in `authorize_request'
  [1m[36mUser Load (0.3ms)[0m  [1m[34mSELECT "users".* FROM "users"[0m
  ↳ app/controllers/users_controller.rb:9:in `index'
  [1m[36mFave Load (44.1ms)[0m  [1m[34mSELECT "faves".* FROM "faves" WHERE "faves"."user_id" = $1[0m  [["user_id", 1]]
  ↳ app/controllers/users_controller.rb:9:in `index'
Completed 200 OK in 80ms (Views: 12.8ms | ActiveRecord: 54.1ms | Allocations: 13043)


  [1m[36mUser Load (2.0ms)[0m  [1m[34mSELECT "users".* FROM "users" LIMIT $1[0m  [["LIMIT", 11]]
  [1m[36mUser Load (0.7ms)[0m  [1m[34mSELECT "users".* FROM "users" ORDER BY "users"."id" ASC LIMIT $1[0m  [["LIMIT", 1]]
  [1m[36mFave Load (0.9ms)[0m  [1m[34mSELECT "faves".* FROM "faves" WHERE "faves"."user_id" = $1 LIMIT $2[0m  [["user_id", 1], ["LIMIT", 11]]
  [1m[36mUser Load (0.7ms)[0m  [1m[34mSELECT "users".* FROM "users" ORDER BY "users"."id" ASC LIMIT $1[0m  [["LIMIT", 1]]
  [1m[36mFave Load (0.4ms)[0m  [1m[34mSELECT "faves".* FROM "faves" WHERE "faves"."user_id" = $1[0m  [["user_id", 1]]
  [1m[36mDeck Load (64.8ms)[0m  [1m[34mSELECT "decks".* FROM "decks" WHERE "decks"."id" = $1 LIMIT $2[0m  [["id", 6], ["LIMIT", 1]]
  [1m[36mDeck Load (0.5ms)[0m  [1m[34mSELECT "decks".* FROM "decks" WHERE "decks"."id" = $1 LIMIT $2[0m  [["id", 6], ["LIMIT", 1]]
  [1m[36mDeck Load (0.3ms)[0m  [1m[34mSELECT "decks".* FROM "decks" WHERE "decks"."id" = $1 LIMIT $2[0m  [["id", 6], ["LIMIT", 1]]
Started GET "/cards" for ::1 at 2019-10-07 17:31:59 -0400
Started GET "/decks" for ::1 at 2019-10-07 17:31:59 -0400
Processing by CardsController#index as HTML
Processing by DecksController#index as HTML
  [1m[36mCard Load (31.7ms)[0m  [1m[34mSELECT "cards".* FROM "cards"[0m
  ↳ app/controllers/cards_controller.rb:8:in `index'
  [1m[36mDeck Load (64.9ms)[0m  [1m[34mSELECT "decks".* FROM "decks"[0m
  ↳ app/controllers/decks_controller.rb:8:in `index'
Completed 200 OK in 166ms (Views: 13.5ms | ActiveRecord: 147.2ms | Allocations: 11404)


  [1m[36mCard Load (1.9ms)[0m  [1m[34mSELECT "cards".* FROM "cards" WHERE "cards"."deck_id" = $1[0m  [["deck_id", 1]]
  ↳ app/controllers/decks_controller.rb:8:in `index'
  [1m[36mCard Load (0.3ms)[0m  [1m[34mSELECT "cards".* FROM "cards" WHERE "cards"."deck_id" = $1[0m  [["deck_id", 2]]
  ↳ app/controllers/decks_controller.rb:8:in `index'
  [1m[36mCard Load (0.4ms)[0m  [1m[34mSELECT "cards".* FROM "cards" WHERE "cards"."deck_id" = $1[0m  [["deck_id", 3]]
  ↳ app/controllers/decks_controller.rb:8:in `index'
  [1m[36mCard Load (0.3ms)[0m  [1m[34mSELECT "cards".* FROM "cards" WHERE "cards"."deck_id" = $1[0m  [["deck_id", 4]]
  ↳ app/controllers/decks_controller.rb:8:in `index'
  [1m[36mCard Load (0.4ms)[0m  [1m[34mSELECT "cards".* FROM "cards" WHERE "cards"."deck_id" = $1[0m  [["deck_id", 5]]
  ↳ app/controllers/decks_controller.rb:8:in `index'
  [1m[36mCard Load (0.3ms)[0m  [1m[34mSELECT "cards".* FROM "cards" WHERE "cards"."deck_id" = $1[0m  [["deck_id", 6]]
  ↳ app/controllers/decks_controller.rb:8:in `index'
  [1m[36mCard Load (0.3ms)[0m  [1m[34mSELECT "cards".* FROM "cards" WHERE "cards"."deck_id" = $1[0m  [["deck_id", 7]]
  ↳ app/controllers/decks_controller.rb:8:in `index'
  [1m[36mCard Load (0.2ms)[0m  [1m[34mSELECT "cards".* FROM "cards" WHERE "cards"."deck_id" = $1[0m  [["deck_id", 8]]
  ↳ app/controllers/decks_controller.rb:8:in `index'
  [1m[36mCard Load (0.6ms)[0m  [1m[34mSELECT "cards".* FROM "cards" WHERE "cards"."deck_id" = $1[0m  [["deck_id", 9]]
  ↳ app/controllers/decks_controller.rb:8:in `index'
  [1m[36mCard Load (0.2ms)[0m  [1m[34mSELECT "cards".* FROM "cards" WHERE "cards"."deck_id" = $1[0m  [["deck_id", 10]]
  ↳ app/controllers/decks_controller.rb:8:in `index'
Completed 200 OK in 204ms (Views: 40.9ms | ActiveRecord: 131.9ms | Allocations: 27471)


Started POST "/auth/login" for ::1 at 2019-10-07 17:32:11 -0400
Processing by AuthenticationController#login as HTML
  Parameters: {"first_name"=>"", "last_name"=>"", "email"=>"ofarrellmeister@gmail.com", "password"=>"[FILTERED]", "authentication"=>{"first_name"=>"", "last_name"=>"", "email"=>"ofarrellmeister@gmail.com", "password"=>"[FILTERED]"}}
  [1m[36mUser Load (41.0ms)[0m  [1m[34mSELECT "users".* FROM "users" WHERE "users"."email" = $1 LIMIT $2[0m  [["email", "ofarrellmeister@gmail.com"], ["LIMIT", 1]]
  ↳ app/controllers/authentication_controller.rb:6:in `login'
  [1m[36mFave Load (0.5ms)[0m  [1m[34mSELECT "faves".* FROM "faves" WHERE "faves"."user_id" = $1[0m  [["user_id", 1]]
  ↳ app/models/user.rb:17:in `map'
  [1m[36mDeck Load (0.3ms)[0m  [1m[34mSELECT "decks".* FROM "decks" WHERE "decks"."id" = $1 LIMIT $2[0m  [["id", 6], ["LIMIT", 1]]
  ↳ app/models/user.rb:17:in `block in get_faves'
  [1m[36mCACHE Deck Load (0.0ms)[0m  [1m[34mSELECT "decks".* FROM "decks" WHERE "decks"."id" = $1 LIMIT $2[0m  [["id", 6], ["LIMIT", 1]]
  ↳ app/models/user.rb:17:in `block in get_faves'
  [1m[36mCACHE Deck Load (0.0ms)[0m  [1m[34mSELECT "decks".* FROM "decks" WHERE "decks"."id" = $1 LIMIT $2[0m  [["id", 6], ["LIMIT", 1]]
  ↳ app/models/user.rb:17:in `block in get_faves'
Completed 200 OK in 323ms (Views: 0.5ms | ActiveRecord: 41.9ms | Allocations: 13213)


Started GET "/decks" for ::1 at 2019-10-07 17:35:00 -0400
Started GET "/cards" for ::1 at 2019-10-07 17:35:00 -0400
Started GET "/auth/verify" for ::1 at 2019-10-07 17:35:00 -0400
Processing by CardsController#index as HTML
Processing by DecksController#index as HTML
  [1m[36mDeck Load (17.3ms)[0m  [1m[34mSELECT "decks".* FROM "decks"[0m
  [1m[36mCard Load (18.2ms)[0m  [1m[34mSELECT "cards".* FROM "cards"[0m
  ↳ app/controllers/decks_controller.rb:8:in `index'
  ↳ app/controllers/cards_controller.rb:8:in `index'
Completed 200 OK in 27ms (Views: 8.2ms | ActiveRecord: 18.2ms | Allocations: 4552)


  [1m[36mCard Load (96.7ms)[0m  [1m[34mSELECT "cards".* FROM "cards" WHERE "cards"."deck_id" = $1[0m  [["deck_id", 1]]
  ↳ app/controllers/decks_controller.rb:8:in `index'
  [1m[36mCard Load (0.8ms)[0m  [1m[34mSELECT "cards".* FROM "cards" WHERE "cards"."deck_id" = $1[0m  [["deck_id", 2]]
  ↳ app/controllers/decks_controller.rb:8:in `index'
  [1m[36mCard Load (1.2ms)[0m  [1m[34mSELECT "cards".* FROM "cards" WHERE "cards"."deck_id" = $1[0m  [["deck_id", 3]]
  ↳ app/controllers/decks_controller.rb:8:in `index'
  [1m[36mCard Load (1.4ms)[0m  [1m[34mSELECT "cards".* FROM "cards" WHERE "cards"."deck_id" = $1[0m  [["deck_id", 4]]
  ↳ app/controllers/decks_controller.rb:8:in `index'
  [1m[36mCard Load (3.3ms)[0m  [1m[34mSELECT "cards".* FROM "cards" WHERE "cards"."deck_id" = $1[0m  [["deck_id", 5]]
  ↳ app/controllers/decks_controller.rb:8:in `index'
  [1m[36mCard Load (26.6ms)[0m  [1m[34mSELECT "cards".* FROM "cards" WHERE "cards"."deck_id" = $1[0m  [["deck_id", 6]]
  ↳ app/controllers/decks_controller.rb:8:in `index'
  [1m[36mCard Load (5.0ms)[0m  [1m[34mSELECT "cards".* FROM "cards" WHERE "cards"."deck_id" = $1[0m  [["deck_id", 7]]
  ↳ app/controllers/decks_controller.rb:8:in `index'
  [1m[36mCard Load (3.1ms)[0m  [1m[34mSELECT "cards".* FROM "cards" WHERE "cards"."deck_id" = $1[0m  [["deck_id", 8]]
  ↳ app/controllers/decks_controller.rb:8:in `index'
  [1m[36mCard Load (5.2ms)[0m  [1m[34mSELECT "cards".* FROM "cards" WHERE "cards"."deck_id" = $1[0m  [["deck_id", 9]]
  ↳ app/controllers/decks_controller.rb:8:in `index'
  [1m[36mCard Load (10.4ms)[0m  [1m[34mSELECT "cards".* FROM "cards" WHERE "cards"."deck_id" = $1[0m  [["deck_id", 10]]
  ↳ app/controllers/decks_controller.rb:8:in `index'
Completed 200 OK in 207ms (Views: 35.9ms | ActiveRecord: 171.1ms | Allocations: 17599)


Processing by AuthenticationController#verify as HTML
  [1m[36mUser Load (93.9ms)[0m  [1m[34mSELECT "users".* FROM "users" WHERE "users"."id" = $1 LIMIT $2[0m  [["id", 1], ["LIMIT", 1]]
  ↳ app/controllers/application_controller.rb:20:in `authorize_request'
  [1m[36mFave Load (1.4ms)[0m  [1m[34mSELECT "faves".* FROM "faves" WHERE "faves"."user_id" = $1[0m  [["user_id", 1]]
  ↳ app/models/user.rb:17:in `map'
  [1m[36mDeck Load (3.1ms)[0m  [1m[34mSELECT "decks".* FROM "decks" WHERE "decks"."id" = $1 LIMIT $2[0m  [["id", 6], ["LIMIT", 1]]
  ↳ app/models/user.rb:17:in `block in get_faves'
  [1m[36mCACHE Deck Load (0.0ms)[0m  [1m[34mSELECT "decks".* FROM "decks" WHERE "decks"."id" = $1 LIMIT $2[0m  [["id", 6], ["LIMIT", 1]]
  ↳ app/models/user.rb:17:in `block in get_faves'
  [1m[36mCACHE Deck Load (0.1ms)[0m  [1m[34mSELECT "decks".* FROM "decks" WHERE "decks"."id" = $1 LIMIT $2[0m  [["id", 6], ["LIMIT", 1]]
  ↳ app/models/user.rb:17:in `block in get_faves'
Completed 200 OK in 143ms (Views: 1.2ms | ActiveRecord: 100.1ms | Allocations: 3811)


Started GET "/decks" for ::1 at 2019-10-07 17:36:54 -0400
Started GET "/cards" for ::1 at 2019-10-07 17:36:54 -0400
Processing by DecksController#index as HTML
Processing by CardsController#index as HTML
  [1m[36mDeck Load (15.4ms)[0m  [1m[34mSELECT "decks".* FROM "decks"[0m
  ↳ app/controllers/decks_controller.rb:8:in `index'
  [1m[36mCard Load (24.2ms)[0m  [1m[34mSELECT "cards".* FROM "cards"[0m
  ↳ app/controllers/cards_controller.rb:8:in `index'
Completed 200 OK in 60ms (Views: 35.7ms | ActiveRecord: 24.2ms | Allocations: 4445)


  [1m[36mCard Load (41.1ms)[0m  [1m[34mSELECT "cards".* FROM "cards" WHERE "cards"."deck_id" = $1[0m  [["deck_id", 1]]
  ↳ app/controllers/decks_controller.rb:8:in `index'
  [1m[36mCard Load (4.7ms)[0m  [1m[34mSELECT "cards".* FROM "cards" WHERE "cards"."deck_id" = $1[0m  [["deck_id", 2]]
  ↳ app/controllers/decks_controller.rb:8:in `index'
  [1m[36mCard Load (1.0ms)[0m  [1m[34mSELECT "cards".* FROM "cards" WHERE "cards"."deck_id" = $1[0m  [["deck_id", 3]]
  ↳ app/controllers/decks_controller.rb:8:in `index'
  [1m[36mCard Load (0.4ms)[0m  [1m[34mSELECT "cards".* FROM "cards" WHERE "cards"."deck_id" = $1[0m  [["deck_id", 4]]
  ↳ app/controllers/decks_controller.rb:8:in `index'
  [1m[36mCard Load (33.6ms)[0m  [1m[34mSELECT "cards".* FROM "cards" WHERE "cards"."deck_id" = $1[0m  [["deck_id", 5]]
  ↳ app/controllers/decks_controller.rb:8:in `index'
Started GET "/auth/verify" for ::1 at 2019-10-07 17:36:55 -0400
  [1m[36mCard Load (69.3ms)[0m  [1m[34mSELECT "cards".* FROM "cards" WHERE "cards"."deck_id" = $1[0m  [["deck_id", 6]]
  ↳ app/controllers/decks_controller.rb:8:in `index'
Processing by AuthenticationController#verify as HTML
  [1m[36mCard Load (1.9ms)[0m  [1m[34mSELECT "cards".* FROM "cards" WHERE "cards"."deck_id" = $1[0m  [["deck_id", 7]]
  ↳ app/controllers/decks_controller.rb:8:in `index'
  [1m[36mCard Load (0.5ms)[0m  [1m[34mSELECT "cards".* FROM "cards" WHERE "cards"."deck_id" = $1[0m  [["deck_id", 8]]
  [1m[36mUser Load (2.1ms)[0m  [1m[34mSELECT "users".* FROM "users" WHERE "users"."id" = $1 LIMIT $2[0m  [["id", 1], ["LIMIT", 1]]
  ↳ app/controllers/application_controller.rb:20:in `authorize_request'
  ↳ app/controllers/decks_controller.rb:8:in `index'
  [1m[36mFave Load (2.3ms)[0m  [1m[34mSELECT "faves".* FROM "faves" WHERE "faves"."user_id" = $1[0m  [["user_id", 1]]
  ↳ app/models/user.rb:17:in `map'
  [1m[36mCard Load (14.2ms)[0m  [1m[34mSELECT "cards".* FROM "cards" WHERE "cards"."deck_id" = $1[0m  [["deck_id", 9]]
  ↳ app/controllers/decks_controller.rb:8:in `index'
  [1m[36mDeck Load (15.9ms)[0m  [1m[34mSELECT "decks".* FROM "decks" WHERE "decks"."id" = $1 LIMIT $2[0m  [["id", 6], ["LIMIT", 1]]
  ↳ app/models/user.rb:17:in `block in get_faves'
  [1m[36mCard Load (2.4ms)[0m  [1m[34mSELECT "cards".* FROM "cards" WHERE "cards"."deck_id" = $1[0m  [["deck_id", 10]]
  ↳ app/controllers/decks_controller.rb:8:in `index'
  [1m[36mCACHE Deck Load (0.1ms)[0m  [1m[34mSELECT "decks".* FROM "decks" WHERE "decks"."id" = $1 LIMIT $2[0m  [["id", 6], ["LIMIT", 1]]
  ↳ app/models/user.rb:17:in `block in get_faves'
  [1m[36mCACHE Deck Load (0.0ms)[0m  [1m[34mSELECT "decks".* FROM "decks" WHERE "decks"."id" = $1 LIMIT $2[0m  [["id", 6], ["LIMIT", 1]]
Completed 200 OK in 378ms (Views: 193.5ms | ActiveRecord: 184.5ms | Allocations: 21284)


  ↳ app/models/user.rb:17:in `block in get_faves'
Completed 200 OK in 83ms (Views: 1.1ms | ActiveRecord: 20.3ms | Allocations: 10143)


Started GET "/decks" for ::1 at 2019-10-07 17:36:57 -0400
Started GET "/cards" for ::1 at 2019-10-07 17:36:57 -0400
Processing by DecksController#index as HTML
Started GET "/auth/verify" for ::1 at 2019-10-07 17:36:57 -0400
Processing by CardsController#index as HTML
  [1m[36mDeck Load (67.8ms)[0m  [1m[34mSELECT "decks".* FROM "decks"[0m
Processing by AuthenticationController#verify as HTML
  ↳ app/controllers/decks_controller.rb:8:in `index'
  [1m[36mCard Load (42.9ms)[0m  [1m[34mSELECT "cards".* FROM "cards"[0m
  ↳ app/controllers/cards_controller.rb:8:in `index'
Completed 200 OK in 47ms (Views: 3.4ms | ActiveRecord: 42.9ms | Allocations: 4939)


  [1m[36mCard Load (9.9ms)[0m  [1m[34mSELECT "cards".* FROM "cards" WHERE "cards"."deck_id" = $1[0m  [["deck_id", 1]]
  ↳ app/controllers/decks_controller.rb:8:in `index'
  [1m[36mCard Load (1.1ms)[0m  [1m[34mSELECT "cards".* FROM "cards" WHERE "cards"."deck_id" = $1[0m  [["deck_id", 2]]
  ↳ app/controllers/decks_controller.rb:8:in `index'
  [1m[36mCard Load (0.2ms)[0m  [1m[34mSELECT "cards".* FROM "cards" WHERE "cards"."deck_id" = $1[0m  [["deck_id", 3]]
  ↳ app/controllers/decks_controller.rb:8:in `index'
  [1m[36mCard Load (0.8ms)[0m  [1m[34mSELECT "cards".* FROM "cards" WHERE "cards"."deck_id" = $1[0m  [["deck_id", 4]]
  ↳ app/controllers/decks_controller.rb:8:in `index'
  [1m[36mCard Load (0.2ms)[0m  [1m[34mSELECT "cards".* FROM "cards" WHERE "cards"."deck_id" = $1[0m  [["deck_id", 5]]
  ↳ app/controllers/decks_controller.rb:8:in `index'
  [1m[36mCard Load (4.8ms)[0m  [1m[34mSELECT "cards".* FROM "cards" WHERE "cards"."deck_id" = $1[0m  [["deck_id", 6]]
  ↳ app/controllers/decks_controller.rb:8:in `index'
  [1m[36mCard Load (0.3ms)[0m  [1m[34mSELECT "cards".* FROM "cards" WHERE "cards"."deck_id" = $1[0m  [["deck_id", 7]]
  ↳ app/controllers/decks_controller.rb:8:in `index'
  [1m[36mCard Load (0.3ms)[0m  [1m[34mSELECT "cards".* FROM "cards" WHERE "cards"."deck_id" = $1[0m  [["deck_id", 8]]
  ↳ app/controllers/decks_controller.rb:8:in `index'
  [1m[36mCard Load (0.9ms)[0m  [1m[34mSELECT "cards".* FROM "cards" WHERE "cards"."deck_id" = $1[0m  [["deck_id", 9]]
  ↳ app/controllers/decks_controller.rb:8:in `index'
  [1m[36mCard Load (0.5ms)[0m  [1m[34mSELECT "cards".* FROM "cards" WHERE "cards"."deck_id" = $1[0m  [["deck_id", 10]]
  ↳ app/controllers/decks_controller.rb:8:in `index'
Completed 200 OK in 124ms (Views: 37.1ms | ActiveRecord: 86.8ms | Allocations: 18896)


  [1m[36mUser Load (148.2ms)[0m  [1m[34mSELECT "users".* FROM "users" WHERE "users"."id" = $1 LIMIT $2[0m  [["id", 1], ["LIMIT", 1]]
  ↳ app/controllers/application_controller.rb:20:in `authorize_request'
  [1m[36mFave Load (90.6ms)[0m  [1m[34mSELECT "faves".* FROM "faves" WHERE "faves"."user_id" = $1[0m  [["user_id", 1]]
  ↳ app/models/user.rb:17:in `map'
  [1m[36mDeck Load (6.5ms)[0m  [1m[34mSELECT "decks".* FROM "decks" WHERE "decks"."id" = $1 LIMIT $2[0m  [["id", 6], ["LIMIT", 1]]
  ↳ app/models/user.rb:17:in `block in get_faves'
  [1m[36mCACHE Deck Load (0.0ms)[0m  [1m[34mSELECT "decks".* FROM "decks" WHERE "decks"."id" = $1 LIMIT $2[0m  [["id", 6], ["LIMIT", 1]]
  ↳ app/models/user.rb:17:in `block in get_faves'
  [1m[36mCACHE Deck Load (0.0ms)[0m  [1m[34mSELECT "decks".* FROM "decks" WHERE "decks"."id" = $1 LIMIT $2[0m  [["id", 6], ["LIMIT", 1]]
  ↳ app/models/user.rb:17:in `block in get_faves'
Completed 200 OK in 276ms (Views: 0.7ms | ActiveRecord: 256.1ms | Allocations: 20753)


Started GET "/decks" for ::1 at 2019-10-07 17:37:18 -0400
Started GET "/cards" for ::1 at 2019-10-07 17:37:18 -0400
Started GET "/auth/verify" for ::1 at 2019-10-07 17:37:18 -0400
Processing by DecksController#index as HTML
Processing by CardsController#index as HTML
Processing by AuthenticationController#verify as HTML
  [1m[36mDeck Load (4.4ms)[0m  [1m[34mSELECT "decks".* FROM "decks"[0m
  ↳ app/controllers/decks_controller.rb:8:in `index'
  [1m[36mCard Load (3.5ms)[0m  [1m[34mSELECT "cards".* FROM "cards"[0m
  ↳ app/controllers/cards_controller.rb:8:in `index'
  [1m[36mUser Load (4.4ms)[0m  [1m[34mSELECT "users".* FROM "users" WHERE "users"."id" = $1 LIMIT $2[0m  [["id", 1], ["LIMIT", 1]]
Completed 200 OK in 12ms (Views: 7.8ms | ActiveRecord: 3.5ms | Allocations: 4956)


  ↳ app/controllers/application_controller.rb:20:in `authorize_request'
  [1m[36mCard Load (1.0ms)[0m  [1m[34mSELECT "cards".* FROM "cards" WHERE "cards"."deck_id" = $1[0m  [["deck_id", 1]]
  ↳ app/controllers/decks_controller.rb:8:in `index'
  [1m[36mFave Load (3.2ms)[0m  [1m[34mSELECT "faves".* FROM "faves" WHERE "faves"."user_id" = $1[0m  [["user_id", 1]]
  ↳ app/models/user.rb:17:in `map'
  [1m[36mCard Load (1.8ms)[0m  [1m[34mSELECT "cards".* FROM "cards" WHERE "cards"."deck_id" = $1[0m  [["deck_id", 2]]
  ↳ app/controllers/decks_controller.rb:8:in `index'
  [1m[36mDeck Load (1.3ms)[0m  [1m[34mSELECT "decks".* FROM "decks" WHERE "decks"."id" = $1 LIMIT $2[0m  [["id", 6], ["LIMIT", 1]]
  ↳ app/models/user.rb:17:in `block in get_faves'
  [1m[36mCard Load (0.9ms)[0m  [1m[34mSELECT "cards".* FROM "cards" WHERE "cards"."deck_id" = $1[0m  [["deck_id", 3]]
  ↳ app/controllers/decks_controller.rb:8:in `index'
  [1m[36mCACHE Deck Load (0.1ms)[0m  [1m[34mSELECT "decks".* FROM "decks" WHERE "decks"."id" = $1 LIMIT $2[0m  [["id", 6], ["LIMIT", 1]]
  ↳ app/models/user.rb:17:in `block in get_faves'
  [1m[36mCACHE Deck Load (0.0ms)[0m  [1m[34mSELECT "decks".* FROM "decks" WHERE "decks"."id" = $1 LIMIT $2[0m  [["id", 6], ["LIMIT", 1]]
  ↳ app/models/user.rb:17:in `block in get_faves'
  [1m[36mCard Load (4.1ms)[0m  [1m[34mSELECT "cards".* FROM "cards" WHERE "cards"."deck_id" = $1[0m  [["deck_id", 4]]
Completed 200 OK in 31ms (Views: 1.0ms | ActiveRecord: 9.0ms | Allocations: 11502)


  ↳ app/controllers/decks_controller.rb:8:in `index'
  [1m[36mCard Load (2.1ms)[0m  [1m[34mSELECT "cards".* FROM "cards" WHERE "cards"."deck_id" = $1[0m  [["deck_id", 5]]
  ↳ app/controllers/decks_controller.rb:8:in `index'
  [1m[36mCard Load (0.4ms)[0m  [1m[34mSELECT "cards".* FROM "cards" WHERE "cards"."deck_id" = $1[0m  [["deck_id", 6]]
  ↳ app/controllers/decks_controller.rb:8:in `index'
  [1m[36mCard Load (0.4ms)[0m  [1m[34mSELECT "cards".* FROM "cards" WHERE "cards"."deck_id" = $1[0m  [["deck_id", 7]]
  ↳ app/controllers/decks_controller.rb:8:in `index'
  [1m[36mCard Load (0.4ms)[0m  [1m[34mSELECT "cards".* FROM "cards" WHERE "cards"."deck_id" = $1[0m  [["deck_id", 8]]
  ↳ app/controllers/decks_controller.rb:8:in `index'
  [1m[36mCard Load (0.3ms)[0m  [1m[34mSELECT "cards".* FROM "cards" WHERE "cards"."deck_id" = $1[0m  [["deck_id", 9]]
  ↳ app/controllers/decks_controller.rb:8:in `index'
  [1m[36mCard Load (0.3ms)[0m  [1m[34mSELECT "cards".* FROM "cards" WHERE "cards"."deck_id" = $1[0m  [["deck_id", 10]]
  ↳ app/controllers/decks_controller.rb:8:in `index'
Completed 200 OK in 71ms (Views: 54.9ms | ActiveRecord: 15.9ms | Allocations: 22190)


